<?xml version="1.0" encoding="UTF-8"?>
<!-- Generated by org.testng.reporters.JUnitReportReporter -->
<testsuite skipped="0" hostname="Rajeshs-MacBook-Pro-2.local" name="com.tests.cleartrip.tests.HomePageTest" tests="1" failures="0" timestamp="16 Feb 2017 13:29:52 GMT" time="51.132" errors="0">
  <testcase name="verifyGreeting" time="51.132" classname="com.tests.cleartrip.tests.HomePageTest"/>
</testsuite> <!-- com.tests.cleartrip.tests.HomePageTest -->
